<?xml version="1.0" encoding="UTF-8"?>
<testsuite name="shine.aba.AbaApplicationTests" tests="1" skipped="0" failures="0" errors="0" timestamp="2021-10-17T11:31:18" hostname="Doug.local" time="0.278">
  <properties/>
  <testcase name="contextLoads()" classname="shine.aba.AbaApplicationTests" time="0.278"/>
  <system-out><![CDATA[22:31:12.121 [Test worker] DEBUG org.springframework.test.context.BootstrapUtils - Instantiating CacheAwareContextLoaderDelegate from class [org.springframework.test.context.cache.DefaultCacheAwareContextLoaderDelegate]
22:31:12.130 [Test worker] DEBUG org.springframework.test.context.BootstrapUtils - Instantiating BootstrapContext using constructor [public org.springframework.test.context.support.DefaultBootstrapContext(java.lang.Class,org.springframework.test.context.CacheAwareContextLoaderDelegate)]
22:31:12.159 [Test worker] DEBUG org.springframework.test.context.BootstrapUtils - Instantiating TestContextBootstrapper for test class [shine.aba.AbaApplicationTests] from class [org.springframework.boot.test.context.SpringBootTestContextBootstrapper]
22:31:12.167 [Test worker] INFO org.springframework.boot.test.context.SpringBootTestContextBootstrapper - Neither @ContextConfiguration nor @ContextHierarchy found for test class [shine.aba.AbaApplicationTests], using SpringBootContextLoader
22:31:12.172 [Test worker] DEBUG org.springframework.test.context.support.AbstractContextLoader - Did not detect default resource location for test class [shine.aba.AbaApplicationTests]: class path resource [shine/aba/AbaApplicationTests-context.xml] does not exist
22:31:12.173 [Test worker] DEBUG org.springframework.test.context.support.AbstractContextLoader - Did not detect default resource location for test class [shine.aba.AbaApplicationTests]: class path resource [shine/aba/AbaApplicationTestsContext.groovy] does not exist
22:31:12.173 [Test worker] INFO org.springframework.test.context.support.AbstractContextLoader - Could not detect default resource locations for test class [shine.aba.AbaApplicationTests]: no resource found for suffixes {-context.xml, Context.groovy}.
22:31:12.174 [Test worker] INFO org.springframework.test.context.support.AnnotationConfigContextLoaderUtils - Could not detect default configuration classes for test class [shine.aba.AbaApplicationTests]: AbaApplicationTests does not declare any static, non-private, non-final, nested classes annotated with @Configuration.
22:31:12.216 [Test worker] DEBUG org.springframework.test.context.support.ActiveProfilesUtils - Could not find an 'annotation declaring class' for annotation type [org.springframework.test.context.ActiveProfiles] and class [shine.aba.AbaApplicationTests]
22:31:12.261 [Test worker] DEBUG org.springframework.context.annotation.ClassPathScanningCandidateComponentProvider - Identified candidate component class: file [/Users/doug/dev/address-book-api/build/classes/java/main/shine/aba/AbaApplication.class]
22:31:12.262 [Test worker] INFO org.springframework.boot.test.context.SpringBootTestContextBootstrapper - Found @SpringBootConfiguration shine.aba.AbaApplication for test class shine.aba.AbaApplicationTests
22:31:12.328 [Test worker] DEBUG org.springframework.boot.test.context.SpringBootTestContextBootstrapper - @TestExecutionListeners is not present for class [shine.aba.AbaApplicationTests]: using defaults.
22:31:12.329 [Test worker] INFO org.springframework.boot.test.context.SpringBootTestContextBootstrapper - Loaded default TestExecutionListener class names from location [META-INF/spring.factories]: [org.springframework.boot.test.autoconfigure.restdocs.RestDocsTestExecutionListener, org.springframework.boot.test.autoconfigure.web.client.MockRestServiceServerResetTestExecutionListener, org.springframework.boot.test.autoconfigure.web.servlet.MockMvcPrintOnlyOnFailureTestExecutionListener, org.springframework.boot.test.autoconfigure.web.servlet.WebDriverTestExecutionListener, org.springframework.boot.test.autoconfigure.webservices.client.MockWebServiceServerTestExecutionListener, org.springframework.boot.test.mock.mockito.MockitoTestExecutionListener, org.springframework.boot.test.mock.mockito.ResetMocksTestExecutionListener, org.springframework.test.context.web.ServletTestExecutionListener, org.springframework.test.context.support.DirtiesContextBeforeModesTestExecutionListener, org.springframework.test.context.event.ApplicationEventsTestExecutionListener, org.springframework.test.context.support.DependencyInjectionTestExecutionListener, org.springframework.test.context.support.DirtiesContextTestExecutionListener, org.springframework.test.context.transaction.TransactionalTestExecutionListener, org.springframework.test.context.jdbc.SqlScriptsTestExecutionListener, org.springframework.test.context.event.EventPublishingTestExecutionListener]
22:31:12.334 [Test worker] DEBUG org.springframework.boot.test.context.SpringBootTestContextBootstrapper - Skipping candidate TestExecutionListener [org.springframework.test.context.web.ServletTestExecutionListener] due to a missing dependency. Specify custom listener classes or make the default listener classes and their required dependencies available. Offending class: [javax/servlet/ServletContext]
22:31:12.336 [Test worker] DEBUG org.springframework.boot.test.context.SpringBootTestContextBootstrapper - Skipping candidate TestExecutionListener [org.springframework.test.context.transaction.TransactionalTestExecutionListener] due to a missing dependency. Specify custom listener classes or make the default listener classes and their required dependencies available. Offending class: [org/springframework/transaction/interceptor/TransactionAttributeSource]
22:31:12.336 [Test worker] DEBUG org.springframework.boot.test.context.SpringBootTestContextBootstrapper - Skipping candidate TestExecutionListener [org.springframework.test.context.jdbc.SqlScriptsTestExecutionListener] due to a missing dependency. Specify custom listener classes or make the default listener classes and their required dependencies available. Offending class: [org/springframework/transaction/interceptor/TransactionAttribute]
22:31:12.337 [Test worker] INFO org.springframework.boot.test.context.SpringBootTestContextBootstrapper - Using TestExecutionListeners: [org.springframework.test.context.support.DirtiesContextBeforeModesTestExecutionListener@5c42d2b7, org.springframework.test.context.event.ApplicationEventsTestExecutionListener@625abb97, org.springframework.boot.test.mock.mockito.MockitoTestExecutionListener@5b1f29fa, org.springframework.boot.test.autoconfigure.SpringBootDependencyInjectionTestExecutionListener@aeab9a1, org.springframework.test.context.support.DirtiesContextTestExecutionListener@40f70521, org.springframework.test.context.event.EventPublishingTestExecutionListener@774698ab, org.springframework.boot.test.autoconfigure.restdocs.RestDocsTestExecutionListener@55342f40, org.springframework.boot.test.autoconfigure.web.client.MockRestServiceServerResetTestExecutionListener@a4ca3f6, org.springframework.boot.test.autoconfigure.web.servlet.MockMvcPrintOnlyOnFailureTestExecutionListener@72ea6193, org.springframework.boot.test.autoconfigure.web.servlet.WebDriverTestExecutionListener@31aa3ca5, org.springframework.boot.test.autoconfigure.webservices.client.MockWebServiceServerTestExecutionListener@45905bff, org.springframework.boot.test.mock.mockito.ResetMocksTestExecutionListener@2a2c13a8]
22:31:12.339 [Test worker] DEBUG org.springframework.test.context.support.AbstractDirtiesContextTestExecutionListener - Before test class: context [DefaultTestContext@75b25825 testClass = AbaApplicationTests, testInstance = [null], testMethod = [null], testException = [null], mergedContextConfiguration = [MergedContextConfiguration@18025ced testClass = AbaApplicationTests, locations = '{}', classes = '{class shine.aba.AbaApplication}', contextInitializerClasses = '[]', activeProfiles = '{}', propertySourceLocations = '{}', propertySourceProperties = '{org.springframework.boot.test.context.SpringBootTestContextBootstrapper=true}', contextCustomizers = set[org.springframework.boot.test.autoconfigure.actuate.metrics.MetricsExportContextCustomizerFactory$DisableMetricExportContextCustomizer@30bce90b, org.springframework.boot.test.autoconfigure.properties.PropertyMappingContextCustomizer@0, org.springframework.boot.test.autoconfigure.web.servlet.WebDriverContextCustomizerFactory$Customizer@418c5a9c, org.springframework.boot.test.context.filter.ExcludeFilterContextCustomizer@332729ad, org.springframework.boot.test.json.DuplicateJsonObjectContextCustomizerFactory$DuplicateJsonObjectContextCustomizer@9573584, org.springframework.boot.test.mock.mockito.MockitoContextCustomizer@0, org.springframework.boot.test.web.client.TestRestTemplateContextCustomizer@41005828, org.springframework.boot.test.context.SpringBootTestArgs@1, org.springframework.boot.test.context.SpringBootTestWebEnvironment@710f4dc7], contextLoader = 'org.springframework.boot.test.context.SpringBootContextLoader', parent = [null]], attributes = map[[empty]]], class annotated with @DirtiesContext [false] with mode [null].
22:31:12.350 [Test worker] DEBUG org.springframework.test.context.support.DependencyInjectionTestExecutionListener - Performing dependency injection for test context [[DefaultTestContext@75b25825 testClass = AbaApplicationTests, testInstance = shine.aba.AbaApplicationTests@52045dbe, testMethod = [null], testException = [null], mergedContextConfiguration = [MergedContextConfiguration@18025ced testClass = AbaApplicationTests, locations = '{}', classes = '{class shine.aba.AbaApplication}', contextInitializerClasses = '[]', activeProfiles = '{}', propertySourceLocations = '{}', propertySourceProperties = '{org.springframework.boot.test.context.SpringBootTestContextBootstrapper=true}', contextCustomizers = set[org.springframework.boot.test.autoconfigure.actuate.metrics.MetricsExportContextCustomizerFactory$DisableMetricExportContextCustomizer@30bce90b, org.springframework.boot.test.autoconfigure.properties.PropertyMappingContextCustomizer@0, org.springframework.boot.test.autoconfigure.web.servlet.WebDriverContextCustomizerFactory$Customizer@418c5a9c, org.springframework.boot.test.context.filter.ExcludeFilterContextCustomizer@332729ad, org.springframework.boot.test.json.DuplicateJsonObjectContextCustomizerFactory$DuplicateJsonObjectContextCustomizer@9573584, org.springframework.boot.test.mock.mockito.MockitoContextCustomizer@0, org.springframework.boot.test.web.client.TestRestTemplateContextCustomizer@41005828, org.springframework.boot.test.context.SpringBootTestArgs@1, org.springframework.boot.test.context.SpringBootTestWebEnvironment@710f4dc7], contextLoader = 'org.springframework.boot.test.context.SpringBootContextLoader', parent = [null]], attributes = map['org.springframework.test.context.event.ApplicationEventsTestExecutionListener.recordApplicationEvents' -> false]]].
22:31:12.370 [Test worker] DEBUG org.springframework.test.context.support.TestPropertySourceUtils - Adding inlined properties to environment: {spring.jmx.enabled=false, org.springframework.boot.test.context.SpringBootTestContextBootstrapper=true}

  .   ____          _            __ _ _
 /\\ / ___'_ __ _ _(_)_ __  __ _ \ \ \ \
( ( )\___ | '_ | '_| | '_ \/ _` | \ \ \ \
 \\/  ___)| |_)| | | | | || (_| |  ) ) ) )
  '  |____| .__|_| |_|_| |_\__, | / / / /
 =========|_|==============|___/=/_/_/_/
 :: Spring Boot ::                (v2.5.5)

2021-10-17 22:31:17.608  INFO 25395 --- [    Test worker] shine.aba.AbaApplicationTests            : Starting AbaApplicationTests using Java 17 on Doug.local with PID 25395 (started by doug in /Users/doug/dev/address-book-api)
2021-10-17 22:31:17.611  INFO 25395 --- [    Test worker] shine.aba.AbaApplicationTests            : No active profile set, falling back to default profiles: default
2021-10-17 22:31:18.026  INFO 25395 --- [    Test worker] shine.aba.AbaApplicationTests            : Started AbaApplicationTests in 5.654 seconds (JVM running for 6.59)
]]></system-out>
  <system-err><![CDATA[]]></system-err>
</testsuite>
